{
  "RSpec": {
    "coverage": {
      "/Users/meghanstang/turing/2module/projects/BookClub/config/environment.rb": [
        null,
        1,
        null,
        null,
        1
      ],
      "/Users/meghanstang/turing/2module/projects/BookClub/config/application.rb": [
        1,
        null,
        1,
        null,
        1,
        1,
        1,
        1,
        1,
        1,
        1,
        1,
        null,
        null,
        null,
        null,
        1,
        null,
        1,
        1,
        null,
        1,
        null,
        null,
        null,
        null,
        null,
        null,
        1,
        null,
        null
      ],
      "/Users/meghanstang/turing/2module/projects/BookClub/config/boot.rb": [
        1,
        null,
        1
      ],
      "/Users/meghanstang/turing/2module/projects/BookClub/config/environments/test.rb": [
        1,
        null,
        null,
        null,
        null,
        null,
        null,
        1,
        null,
        null,
        null,
        null,
        1,
        null,
        null,
        1,
        1,
        null,
        null,
        null,
        null,
        1,
        1,
        null,
        null,
        1,
        null,
        null,
        1,
        1,
        null,
        null,
        null,
        null,
        1,
        null,
        null,
        1,
        null,
        null,
        null,
        null
      ],
      "/Users/meghanstang/turing/2module/projects/BookClub/config/initializers/application_controller_renderer.rb": [
        null,
        null,
        null,
        null,
        null,
        null,
        null,
        null
      ],
      "/Users/meghanstang/turing/2module/projects/BookClub/config/initializers/assets.rb": [
        null,
        null,
        null,
        1,
        null,
        null,
        null,
        null,
        1,
        null,
        null,
        null,
        null,
        null
      ],
      "/Users/meghanstang/turing/2module/projects/BookClub/config/initializers/backtrace_silencers.rb": [
        null,
        null,
        null,
        null,
        null,
        null,
        null
      ],
      "/Users/meghanstang/turing/2module/projects/BookClub/config/initializers/cookies_serializer.rb": [
        null,
        null,
        null,
        null,
        1
      ],
      "/Users/meghanstang/turing/2module/projects/BookClub/config/initializers/filter_parameter_logging.rb": [
        null,
        null,
        null,
        1
      ],
      "/Users/meghanstang/turing/2module/projects/BookClub/config/initializers/inflections.rb": [
        null,
        null,
        null,
        null,
        null,
        null,
        null,
        null,
        null,
        null,
        null,
        null,
        null,
        null,
        null,
        null
      ],
      "/Users/meghanstang/turing/2module/projects/BookClub/config/initializers/mime_types.rb": [
        null,
        null,
        null,
        null
      ],
      "/Users/meghanstang/turing/2module/projects/BookClub/config/initializers/wrap_parameters.rb": [
        null,
        null,
        null,
        null,
        null,
        null,
        1,
        2,
        null,
        null,
        null,
        null,
        null,
        null
      ],
      "/Users/meghanstang/turing/2module/projects/BookClub/config/routes.rb": [
        1,
        null,
        null,
        1,
        1,
        1,
        null
      ],
      "/Users/meghanstang/turing/2module/projects/BookClub/app/helpers/application_helper.rb": [
        1,
        null
      ],
      "/Users/meghanstang/turing/2module/projects/BookClub/spec/features/user_can_see_author_show_page_spec.rb": [
        1,
        null,
        1,
        1,
        2,
        2,
        2,
        null,
        2,
        2,
        2,
        null,
        2,
        null,
        2,
        2,
        null,
        null,
        2,
        2,
        2,
        null,
        null,
        1,
        null,
        1,
        null,
        1,
        1,
        1,
        1,
        1,
        1,
        1,
        null,
        null,
        null,
        1,
        1,
        null,
        1,
        null,
        null
      ],
      "/Users/meghanstang/turing/2module/projects/BookClub/spec/features/user_can_see_book_show_page_spec.rb": [
        1,
        null,
        1,
        1,
        1,
        4,
        null,
        4,
        4,
        4,
        4,
        4,
        4,
        4,
        4,
        4,
        null,
        4,
        null,
        4,
        null,
        null,
        4,
        4,
        4,
        null,
        4,
        4,
        null,
        4,
        4,
        null,
        4,
        4,
        null,
        null,
        null,
        1,
        null,
        1,
        null,
        1,
        1,
        1,
        1,
        1,
        null,
        null,
        null,
        1,
        1,
        null,
        1,
        1,
        1,
        1,
        1,
        1,
        1,
        1,
        1,
        1,
        1,
        1,
        1,
        1,
        1,
        1,
        1,
        1,
        1,
        null,
        null,
        null,
        1,
        1,
        null,
        1,
        1,
        1,
        1,
        1,
        1,
        1,
        1,
        1,
        1,
        1,
        1,
        1,
        1,
        1,
        1,
        1,
        1,
        1,
        null,
        null,
        null,
        1,
        1,
        null,
        1,
        1,
        null,
        null,
        null,
        null
      ],
      "/Users/meghanstang/turing/2module/projects/BookClub/spec/features/user_can_see_users_show_page_spec.rb": [
        1,
        null,
        1,
        1,
        1,
        1,
        1,
        null,
        null,
        1,
        null,
        1,
        null,
        1,
        1,
        null,
        null
      ],
      "/Users/meghanstang/turing/2module/projects/BookClub/spec/features/user_sees_all_stats_spec.rb": [
        1,
        null,
        1,
        1,
        1,
        1,
        1,
        1,
        1,
        null,
        1,
        1,
        1,
        1,
        1,
        1,
        1,
        1,
        1,
        1,
        1,
        null,
        1,
        1,
        1,
        1,
        1,
        1,
        1,
        1,
        1,
        1,
        1,
        1,
        null,
        1,
        null,
        1,
        1,
        1,
        1,
        1,
        1,
        null,
        null,
        null,
        1,
        1,
        1,
        1,
        1,
        1,
        null,
        1,
        1,
        1,
        1,
        1,
        1,
        1,
        1,
        1,
        1,
        1,
        null,
        1,
        1,
        1,
        1,
        1,
        1,
        1,
        1,
        1,
        1,
        1,
        1,
        null,
        1,
        null,
        1,
        1,
        1,
        1,
        1,
        1,
        null,
        null,
        null
      ],
      "/Users/meghanstang/turing/2module/projects/BookClub/spec/models/author_spec.rb": [
        1,
        null,
        1,
        1,
        2,
        null,
        1,
        2,
        2,
        null,
        null
      ],
      "/Users/meghanstang/turing/2module/projects/BookClub/app/models/author.rb": [
        1,
        1,
        1,
        1,
        null
      ],
      "/Users/meghanstang/turing/2module/projects/BookClub/app/models/application_record.rb": [
        1,
        1,
        null
      ],
      "/Users/meghanstang/turing/2module/projects/BookClub/spec/models/book_author_spec.rb": [
        1,
        null,
        1,
        1,
        2,
        2,
        null,
        null
      ],
      "/Users/meghanstang/turing/2module/projects/BookClub/app/models/book_author.rb": [
        1,
        1,
        1,
        null
      ],
      "/Users/meghanstang/turing/2module/projects/BookClub/spec/models/book_spec.rb": [
        1,
        null,
        1,
        1,
        2,
        2,
        2,
        null,
        1,
        2,
        2,
        2,
        2,
        null,
        null,
        1,
        1,
        1,
        1,
        1,
        1,
        1,
        null,
        1,
        null,
        1,
        1,
        1,
        1,
        1,
        1,
        1,
        1,
        1,
        1,
        1,
        null,
        1,
        1,
        1,
        null,
        1,
        1,
        1,
        null,
        1,
        1,
        1,
        null,
        null,
        null,
        null,
        null
      ],
      "/Users/meghanstang/turing/2module/projects/BookClub/app/models/book.rb": [
        1,
        1,
        1,
        1,
        1,
        1,
        null,
        1,
        12,
        12,
        6,
        null,
        12,
        null,
        null,
        1,
        9,
        null,
        null,
        1,
        4,
        null,
        null,
        null
      ],
      "/Users/meghanstang/turing/2module/projects/BookClub/spec/models/review_spec.rb": [
        1,
        null,
        1,
        1,
        2,
        2,
        2,
        null,
        1,
        2,
        2,
        null,
        null,
        1,
        1,
        1,
        null,
        null,
        1,
        1,
        1,
        1,
        1,
        1,
        1,
        1,
        1,
        1,
        1,
        1,
        1,
        null,
        null,
        1,
        null,
        null,
        null,
        null,
        null,
        null,
        null
      ],
      "/Users/meghanstang/turing/2module/projects/BookClub/app/models/review.rb": [
        1,
        1,
        1,
        1,
        null,
        1,
        25,
        null,
        null,
        null,
        null,
        null
      ],
      "/Users/meghanstang/turing/2module/projects/BookClub/spec/models/user_spec.rb": [
        1,
        null,
        1,
        1,
        2,
        null,
        1,
        2,
        2,
        null,
        null
      ],
      "/Users/meghanstang/turing/2module/projects/BookClub/app/models/user.rb": [
        1,
        1,
        1,
        1,
        null
      ],
      "/Users/meghanstang/turing/2module/projects/BookClub/app/controllers/authors_controller.rb": [
        1,
        1,
        1,
        null,
        null,
        1,
        1,
        null,
        null
      ],
      "/Users/meghanstang/turing/2module/projects/BookClub/app/controllers/application_controller.rb": [
        1,
        1,
        null,
        null
      ],
      "/Users/meghanstang/turing/2module/projects/BookClub/app/controllers/books_controller.rb": [
        1,
        null,
        1,
        6,
        6,
        null,
        null,
        1,
        4,
        null,
        null,
        null
      ],
      "/Users/meghanstang/turing/2module/projects/BookClub/app/controllers/users_controller.rb": [
        1,
        null,
        1,
        1,
        null,
        null,
        1,
        null,
        null
      ]
    },
    "timestamp": 1539358851
  }
}
